Using pre-set license
Built from '2020.3/staging' branch; Version is '2020.3.30f1 (1fb1bf06830e) revision 2077119'; Using compiler version '192528614'; Build Type 'Release'
OS: 'Windows 10  (10.0.19045) 64bit CoreSingleLanguage' Language: 'en' Physical Memory: 16147 MB
BatchMode: 1, IsHumanControllingUs: 0, StartBugReporterOnCrash: 0, Is64bit: 1, IsPro: 0

COMMAND LINE ARGUMENTS:
C:\Program Files\Unity\Hub\Editor\2020.3.30f1\Editor\Unity.exe
-adb2
-batchMode
-noUpm
-name
AssetImportWorker0
-projectPath
D:/UnityProjects/Dimensional Rift Portal -AR
-logFile
Logs/AssetImportWorker0.log
-srvPort
50531
Successfully changed project path to: D:/UnityProjects/Dimensional Rift Portal -AR
D:/UnityProjects/Dimensional Rift Portal -AR
Using Asset Import Pipeline V2.
Refreshing native plugins compatible for Editor in 33.84 ms, found 2 plugins.
Preloading 0 native plugins for Editor in 0.00 ms.
Initialize engine version: 2020.3.30f1 (1fb1bf06830e)
[Subsystems] Discovering subsystems at path C:/Program Files/Unity/Hub/Editor/2020.3.30f1/Editor/Data/Resources/UnitySubsystems
[Subsystems] Discovering subsystems at path D:/UnityProjects/Dimensional Rift Portal -AR/Assets
GfxDevice: creating device client; threaded=0
Direct3D:
    Version:  Direct3D 11.0 [level 11.1]
    Renderer: NVIDIA GeForce RTX 3060 Laptop GPU (ID=0x2520)
    Vendor:   
    VRAM:     6009 MB
    Driver:   31.0.15.3742
Shader 'Universal Render Pipeline/Particles/Lit': fallback shader 'Universal Render Pipeline/Particles/SimpleLit' not found
Initialize mono
Mono path[0] = 'C:/Program Files/Unity/Hub/Editor/2020.3.30f1/Editor/Data/Managed'
Mono path[1] = 'C:/Program Files/Unity/Hub/Editor/2020.3.30f1/Editor/Data/MonoBleedingEdge/lib/mono/unityjit'
Mono config path = 'C:/Program Files/Unity/Hub/Editor/2020.3.30f1/Editor/Data/MonoBleedingEdge/etc'
Using monoOptions --debugger-agent=transport=dt_socket,embedding=1,server=y,suspend=n,address=127.0.0.1:56440
Begin MonoManager ReloadAssembly
Registering precompiled unity dll's ...
Register platform support module: C:/Program Files/Unity/Hub/Editor/2020.3.30f1/Editor/Data/PlaybackEngines/WebGLSupport/UnityEditor.WebGL.Extensions.dll
Register platform support module: C:/Program Files/Unity/Hub/Editor/2020.3.30f1/Editor/Data/PlaybackEngines/WindowsStandaloneSupport/UnityEditor.WindowsStandalone.Extensions.dll
Register platform support module: C:/Program Files/Unity/Hub/Editor/2020.3.30f1/Editor/Data/PlaybackEngines/LuminSupport/UnityEditor.Lumin.Extensions.dll
Registered in 0.002135 seconds.
Native extension for Lumin target not found
Native extension for WindowsStandalone target not found
Native extension for WebGL target not found
Refreshing native plugins compatible for Editor in 35.88 ms, found 2 plugins.
Preloading 0 native plugins for Editor in 0.00 ms.
Mono: successfully reloaded assembly
- Completed reload, in  0.441 seconds
Domain Reload Profiling:
	ReloadAssembly (441ms)
		BeginReloadAssembly (50ms)
			ExecutionOrderSort (0ms)
			DisableScriptedObjects (0ms)
			BackupInstance (0ms)
			ReleaseScriptingObjects (0ms)
			CreateAndSetChildDomain (1ms)
		EndReloadAssembly (336ms)
			LoadAssemblies (49ms)
			RebuildTransferFunctionScriptingTraits (0ms)
			SetupTypeCache (106ms)
			ReleaseScriptCaches (0ms)
			RebuildScriptCaches (20ms)
			SetupLoadedEditorAssemblies (131ms)
				LogAssemblyErrors (0ms)
				InitializePlatformSupportModulesInManaged (4ms)
				SetLoadedEditorAssemblies (0ms)
				RefreshPlugins (36ms)
				BeforeProcessingInitializeOnLoad (12ms)
				ProcessInitializeOnLoadAttributes (56ms)
				ProcessInitializeOnLoadMethodAttributes (23ms)
				AfterProcessingInitializeOnLoad (0ms)
				EditorAssembliesLoaded (0ms)
			ExecutionOrderSort2 (0ms)
			AwakeInstancesAfterBackupRestoration (0ms)
Platform modules already initialized, skipping
Registering precompiled user dll's ...
Registered in 0.001696 seconds.
Begin MonoManager ReloadAssembly
Native extension for Lumin target not found
Native extension for WindowsStandalone target not found
Native extension for WebGL target not found
Refreshing native plugins compatible for Editor in 35.22 ms, found 2 plugins.
Preloading 0 native plugins for Editor in 0.00 ms.
Mono: successfully reloaded assembly
- Completed reload, in  0.777 seconds
Domain Reload Profiling:
	ReloadAssembly (777ms)
		BeginReloadAssembly (106ms)
			ExecutionOrderSort (0ms)
			DisableScriptedObjects (3ms)
			BackupInstance (0ms)
			ReleaseScriptingObjects (0ms)
			CreateAndSetChildDomain (15ms)
		EndReloadAssembly (626ms)
			LoadAssemblies (69ms)
			RebuildTransferFunctionScriptingTraits (0ms)
			SetupTypeCache (205ms)
			ReleaseScriptCaches (0ms)
			RebuildScriptCaches (33ms)
			SetupLoadedEditorAssemblies (240ms)
				LogAssemblyErrors (0ms)
				InitializePlatformSupportModulesInManaged (4ms)
				SetLoadedEditorAssemblies (0ms)
				RefreshPlugins (35ms)
				BeforeProcessingInitializeOnLoad (60ms)
				ProcessInitializeOnLoadAttributes (130ms)
				ProcessInitializeOnLoadMethodAttributes (6ms)
				AfterProcessingInitializeOnLoad (5ms)
				EditorAssembliesLoaded (0ms)
			ExecutionOrderSort2 (0ms)
			AwakeInstancesAfterBackupRestoration (4ms)
Platform modules already initialized, skipping
========================================================================
Worker process is ready to serve import requests
Shader 'Universal Render Pipeline/Particles/Lit': fallback shader 'Universal Render Pipeline/Particles/SimpleLit' not found
Launched and connected shader compiler UnityShaderCompiler.exe after 0.04 seconds
Refreshing native plugins compatible for Editor in 0.52 ms, found 2 plugins.
Preloading 0 native plugins for Editor in 0.00 ms.
Unloading 2571 Unused Serialized files (Serialized files now loaded: 0)
System memory in use before: 109.0 MB.
System memory in use after: 109.2 MB.

Unloading 17 unused Assets to reduce memory usage. Loaded Objects now: 3016.
Total: 3.164700 ms (FindLiveObjects: 0.242300 ms CreateObjectMapping: 0.077000 ms MarkObjects: 2.730700 ms  DeleteObjects: 0.113300 ms)

AssetImportParameters requested are different than current active one (requested -> active):
  custom:framework-win-MediaFoundation: 216162199b28c13a410421893ffa2e32 -> 
  custom:video-decoder-ogg-theora: a1e56fd34408186e4bbccfd4996cb3dc -> 
  custom:container-muxer-webm: aa71ff27fc2769a1b78a27578f13a17b -> 
  custom:container-demuxer-webm: 4f35f7cbe854078d1ac9338744f61a02 -> 
  custom:container-demuxer-ogg: 62fdf1f143b41e24485cea50d1cbac27 -> 
  custom:video-encoder-webm-vp8: eb34c28f22e8b96e1ab97ce403110664 -> 
  custom:video-decoder-webm-vp8: 9c59270c3fd7afecdb556c50c9e8de78 -> 
  custom:audio-decoder-ogg-vorbis: bf7c407c2cedff20999df2af8eb42d56 -> 
  custom:audio-encoder-webm-vorbis: bf7c407c2cedff20999df2af8eb42d56 -> 
========================================================================
Received Import Request.
  path: Packages/com.unity.render-pipelines.universal/package.json
  artifactKey: Guid(30648b8d550465f4bb77f1e1afd0b37d) Importer(815301076,1909f56bfc062723c751e8b465ee728b)
Start importing Packages/com.unity.render-pipelines.universal/package.json using Guid(30648b8d550465f4bb77f1e1afd0b37d) Importer(815301076,1909f56bfc062723c751e8b465ee728b)  -> (artifact id: '644354ab58409b1e7fd6ffee4125ace7') in 0.040066 seconds 
========================================================================
Received Prepare
Registering precompiled user dll's ...
Registered in 0.001233 seconds.
Begin MonoManager ReloadAssembly
Native extension for Lumin target not found
Native extension for WindowsStandalone target not found
Native extension for WebGL target not found
Refreshing native plugins compatible for Editor in 21.81 ms, found 2 plugins.
Preloading 0 native plugins for Editor in 0.00 ms.
Mono: successfully reloaded assembly
- Completed reload, in  0.698 seconds
Domain Reload Profiling:
	ReloadAssembly (699ms)
		BeginReloadAssembly (99ms)
			ExecutionOrderSort (0ms)
			DisableScriptedObjects (4ms)
			BackupInstance (0ms)
			ReleaseScriptingObjects (0ms)
			CreateAndSetChildDomain (30ms)
		EndReloadAssembly (550ms)
			LoadAssemblies (72ms)
			RebuildTransferFunctionScriptingTraits (0ms)
			SetupTypeCache (181ms)
			ReleaseScriptCaches (1ms)
			RebuildScriptCaches (26ms)
			SetupLoadedEditorAssemblies (200ms)
				LogAssemblyErrors (0ms)
				InitializePlatformSupportModulesInManaged (3ms)
				SetLoadedEditorAssemblies (0ms)
				RefreshPlugins (22ms)
				BeforeProcessingInitializeOnLoad (50ms)
				ProcessInitializeOnLoadAttributes (114ms)
				ProcessInitializeOnLoadMethodAttributes (5ms)
				AfterProcessingInitializeOnLoad (5ms)
				EditorAssembliesLoaded (0ms)
			ExecutionOrderSort2 (0ms)
			AwakeInstancesAfterBackupRestoration (4ms)
Platform modules already initialized, skipping
Shader 'Universal Render Pipeline/Particles/Lit': fallback shader 'Universal Render Pipeline/Particles/SimpleLit' not found
Refreshing native plugins compatible for Editor in 0.31 ms, found 2 plugins.
Preloading 0 native plugins for Editor in 0.00 ms.
Unloading 1496 Unused Serialized files (Serialized files now loaded: 0)
System memory in use before: 83.1 MB.
System memory in use after: 83.3 MB.

Unloading 204 unused Assets to reduce memory usage. Loaded Objects now: 2825.
Total: 2.080200 ms (FindLiveObjects: 0.130300 ms CreateObjectMapping: 0.043500 ms MarkObjects: 1.845200 ms  DeleteObjects: 0.060800 ms)

AssetImportParameters requested are different than current active one (requested -> active):
  custom:framework-win-MediaFoundation: 216162199b28c13a410421893ffa2e32 -> 
  custom:video-decoder-ogg-theora: a1e56fd34408186e4bbccfd4996cb3dc -> 
  custom:container-muxer-webm: aa71ff27fc2769a1b78a27578f13a17b -> 
  custom:container-demuxer-webm: 4f35f7cbe854078d1ac9338744f61a02 -> 
  custom:container-demuxer-ogg: 62fdf1f143b41e24485cea50d1cbac27 -> 
  custom:video-encoder-webm-vp8: eb34c28f22e8b96e1ab97ce403110664 -> 
  custom:video-decoder-webm-vp8: 9c59270c3fd7afecdb556c50c9e8de78 -> 
  custom:audio-decoder-ogg-vorbis: bf7c407c2cedff20999df2af8eb42d56 -> 
  custom:audio-encoder-webm-vorbis: bf7c407c2cedff20999df2af8eb42d56 -> 
========================================================================
Received Prepare
Registering precompiled user dll's ...
Registered in 0.001179 seconds.
Begin MonoManager ReloadAssembly
Native extension for Lumin target not found
Native extension for WindowsStandalone target not found
Native extension for WebGL target not found
Refreshing native plugins compatible for Editor in 0.31 ms, found 2 plugins.
Preloading 0 native plugins for Editor in 0.00 ms.
Mono: successfully reloaded assembly
- Completed reload, in  0.768 seconds
Domain Reload Profiling:
	ReloadAssembly (768ms)
		BeginReloadAssembly (86ms)
			ExecutionOrderSort (0ms)
			DisableScriptedObjects (3ms)
			BackupInstance (0ms)
			ReleaseScriptingObjects (0ms)
			CreateAndSetChildDomain (23ms)
		EndReloadAssembly (611ms)
			LoadAssemblies (96ms)
			RebuildTransferFunctionScriptingTraits (0ms)
			SetupTypeCache (248ms)
			ReleaseScriptCaches (1ms)
			RebuildScriptCaches (24ms)
			SetupLoadedEditorAssemblies (190ms)
				LogAssemblyErrors (0ms)
				InitializePlatformSupportModulesInManaged (4ms)
				SetLoadedEditorAssemblies (0ms)
				RefreshPlugins (0ms)
				BeforeProcessingInitializeOnLoad (54ms)
				ProcessInitializeOnLoadAttributes (120ms)
				ProcessInitializeOnLoadMethodAttributes (5ms)
				AfterProcessingInitializeOnLoad (5ms)
				EditorAssembliesLoaded (0ms)
			ExecutionOrderSort2 (0ms)
			AwakeInstancesAfterBackupRestoration (4ms)
Platform modules already initialized, skipping
Shader 'Universal Render Pipeline/Particles/Lit': fallback shader 'Universal Render Pipeline/Particles/SimpleLit' not found
Refreshing native plugins compatible for Editor in 0.31 ms, found 2 plugins.
Preloading 0 native plugins for Editor in 0.00 ms.
Unloading 1496 Unused Serialized files (Serialized files now loaded: 0)
System memory in use before: 81.4 MB.
System memory in use after: 81.6 MB.

Unloading 11 unused Assets to reduce memory usage. Loaded Objects now: 2827.
Total: 2.223200 ms (FindLiveObjects: 0.126000 ms CreateObjectMapping: 0.044600 ms MarkObjects: 2.015500 ms  DeleteObjects: 0.036500 ms)

AssetImportParameters requested are different than current active one (requested -> active):
  custom:framework-win-MediaFoundation: 216162199b28c13a410421893ffa2e32 -> 
  custom:video-decoder-ogg-theora: a1e56fd34408186e4bbccfd4996cb3dc -> 
  custom:container-muxer-webm: aa71ff27fc2769a1b78a27578f13a17b -> 
  custom:container-demuxer-webm: 4f35f7cbe854078d1ac9338744f61a02 -> 
  custom:container-demuxer-ogg: 62fdf1f143b41e24485cea50d1cbac27 -> 
  custom:video-encoder-webm-vp8: eb34c28f22e8b96e1ab97ce403110664 -> 
  custom:video-decoder-webm-vp8: 9c59270c3fd7afecdb556c50c9e8de78 -> 
  custom:audio-decoder-ogg-vorbis: bf7c407c2cedff20999df2af8eb42d56 -> 
  custom:audio-encoder-webm-vorbis: bf7c407c2cedff20999df2af8eb42d56 -> 
========================================================================
Received Prepare
Registering precompiled user dll's ...
Registered in 0.001326 seconds.
Begin MonoManager ReloadAssembly
Native extension for Lumin target not found
Native extension for WindowsStandalone target not found
Native extension for WebGL target not found
Refreshing native plugins compatible for Editor in 0.39 ms, found 2 plugins.
Preloading 0 native plugins for Editor in 0.00 ms.
Mono: successfully reloaded assembly
- Completed reload, in  0.673 seconds
Domain Reload Profiling:
	ReloadAssembly (674ms)
		BeginReloadAssembly (89ms)
			ExecutionOrderSort (0ms)
			DisableScriptedObjects (3ms)
			BackupInstance (0ms)
			ReleaseScriptingObjects (0ms)
			CreateAndSetChildDomain (26ms)
		EndReloadAssembly (539ms)
			LoadAssemblies (68ms)
			RebuildTransferFunctionScriptingTraits (0ms)
			SetupTypeCache (192ms)
			ReleaseScriptCaches (1ms)
			RebuildScriptCaches (24ms)
			SetupLoadedEditorAssemblies (200ms)
				LogAssemblyErrors (0ms)
				InitializePlatformSupportModulesInManaged (4ms)
				SetLoadedEditorAssemblies (0ms)
				RefreshPlugins (0ms)
				BeforeProcessingInitializeOnLoad (55ms)
				ProcessInitializeOnLoadAttributes (129ms)
				ProcessInitializeOnLoadMethodAttributes (6ms)
				AfterProcessingInitializeOnLoad (5ms)
				EditorAssembliesLoaded (0ms)
			ExecutionOrderSort2 (0ms)
			AwakeInstancesAfterBackupRestoration (4ms)
Platform modules already initialized, skipping
Shader 'Universal Render Pipeline/Particles/Lit': fallback shader 'Universal Render Pipeline/Particles/SimpleLit' not found
Refreshing native plugins compatible for Editor in 0.31 ms, found 2 plugins.
Preloading 0 native plugins for Editor in 0.00 ms.
Unloading 1499 Unused Serialized files (Serialized files now loaded: 0)
System memory in use before: 81.8 MB.
System memory in use after: 82.0 MB.

Unloading 11 unused Assets to reduce memory usage. Loaded Objects now: 2832.
Total: 2.307900 ms (FindLiveObjects: 0.137900 ms CreateObjectMapping: 0.042600 ms MarkObjects: 2.108000 ms  DeleteObjects: 0.018700 ms)

AssetImportParameters requested are different than current active one (requested -> active):
  custom:framework-win-MediaFoundation: 216162199b28c13a410421893ffa2e32 -> 
  custom:video-decoder-ogg-theora: a1e56fd34408186e4bbccfd4996cb3dc -> 
  custom:container-muxer-webm: aa71ff27fc2769a1b78a27578f13a17b -> 
  custom:container-demuxer-webm: 4f35f7cbe854078d1ac9338744f61a02 -> 
  custom:container-demuxer-ogg: 62fdf1f143b41e24485cea50d1cbac27 -> 
  custom:video-encoder-webm-vp8: eb34c28f22e8b96e1ab97ce403110664 -> 
  custom:video-decoder-webm-vp8: 9c59270c3fd7afecdb556c50c9e8de78 -> 
  custom:audio-decoder-ogg-vorbis: bf7c407c2cedff20999df2af8eb42d56 -> 
  custom:audio-encoder-webm-vorbis: bf7c407c2cedff20999df2af8eb42d56 -> 
========================================================================
Received Import Request.
  Time since last request: 117.773365 seconds.
  path: Assets/Unity Asset Unlocks - Bedroom
  artifactKey: Guid(143dfcb6c66da0a47b2a024cb79ea4f9) Importer(815301076,1909f56bfc062723c751e8b465ee728b)
Start importing Assets/Unity Asset Unlocks - Bedroom using Guid(143dfcb6c66da0a47b2a024cb79ea4f9) Importer(815301076,1909f56bfc062723c751e8b465ee728b)  -> (artifact id: 'ebe6f9a9c41dc195de3c58c321b7f265') in 0.007737 seconds 
========================================================================
Received Import Request.
  Time since last request: 0.044980 seconds.
  path: Assets/Unity Asset Unlocks - Bedroom/Character.prefab
  artifactKey: Guid(6ca000ead671ebe449deb210e0a19be8) Importer(815301076,1909f56bfc062723c751e8b465ee728b)
Start importing Assets/Unity Asset Unlocks - Bedroom/Character.prefab using Guid(6ca000ead671ebe449deb210e0a19be8) Importer(815301076,1909f56bfc062723c751e8b465ee728b)  -> (artifact id: '819dcc6e4043f474b949f46ff0bc6099') in 0.067203 seconds 
========================================================================
Received Prepare
Registering precompiled user dll's ...
Registered in 0.001556 seconds.
Begin MonoManager ReloadAssembly
Native extension for Lumin target not found
Native extension for WindowsStandalone target not found
Native extension for WebGL target not found
Refreshing native plugins compatible for Editor in 0.35 ms, found 2 plugins.
Preloading 0 native plugins for Editor in 0.00 ms.
Mono: successfully reloaded assembly
- Completed reload, in  0.646 seconds
Domain Reload Profiling:
	ReloadAssembly (646ms)
		BeginReloadAssembly (82ms)
			ExecutionOrderSort (0ms)
			DisableScriptedObjects (3ms)
			BackupInstance (0ms)
			ReleaseScriptingObjects (0ms)
			CreateAndSetChildDomain (24ms)
		EndReloadAssembly (520ms)
			LoadAssemblies (64ms)
			RebuildTransferFunctionScriptingTraits (0ms)
			SetupTypeCache (177ms)
			ReleaseScriptCaches (1ms)
			RebuildScriptCaches (24ms)
			SetupLoadedEditorAssemblies (200ms)
				LogAssemblyErrors (0ms)
				InitializePlatformSupportModulesInManaged (4ms)
				SetLoadedEditorAssemblies (0ms)
				RefreshPlugins (0ms)
				BeforeProcessingInitializeOnLoad (58ms)
				ProcessInitializeOnLoadAttributes (126ms)
				ProcessInitializeOnLoadMethodAttributes (6ms)
				AfterProcessingInitializeOnLoad (5ms)
				EditorAssembliesLoaded (0ms)
			ExecutionOrderSort2 (0ms)
			AwakeInstancesAfterBackupRestoration (4ms)
Platform modules already initialized, skipping
Shader 'Universal Render Pipeline/Particles/Lit': fallback shader 'Universal Render Pipeline/Particles/SimpleLit' not found
Refreshing native plugins compatible for Editor in 0.33 ms, found 2 plugins.
Preloading 0 native plugins for Editor in 0.00 ms.
Unloading 1498 Unused Serialized files (Serialized files now loaded: 0)
System memory in use before: 84.8 MB.
System memory in use after: 85.0 MB.

Unloading 11 unused Assets to reduce memory usage. Loaded Objects now: 2842.
Total: 2.120600 ms (FindLiveObjects: 0.130800 ms CreateObjectMapping: 0.040900 ms MarkObjects: 1.931000 ms  DeleteObjects: 0.017300 ms)

AssetImportParameters requested are different than current active one (requested -> active):
  custom:framework-win-MediaFoundation: 216162199b28c13a410421893ffa2e32 -> 
  custom:video-decoder-ogg-theora: a1e56fd34408186e4bbccfd4996cb3dc -> 
  custom:container-muxer-webm: aa71ff27fc2769a1b78a27578f13a17b -> 
  custom:container-demuxer-webm: 4f35f7cbe854078d1ac9338744f61a02 -> 
  custom:container-demuxer-ogg: 62fdf1f143b41e24485cea50d1cbac27 -> 
  custom:video-encoder-webm-vp8: eb34c28f22e8b96e1ab97ce403110664 -> 
  custom:video-decoder-webm-vp8: 9c59270c3fd7afecdb556c50c9e8de78 -> 
  custom:audio-decoder-ogg-vorbis: bf7c407c2cedff20999df2af8eb42d56 -> 
  custom:audio-encoder-webm-vorbis: bf7c407c2cedff20999df2af8eb42d56 -> 
========================================================================
Received Import Request.
  Time since last request: 54.493761 seconds.
  path: Assets/Unity Asset Unlocks - Bedroom/Character.prefab
  artifactKey: Guid(6ca000ead671ebe449deb210e0a19be8) Importer(815301076,1909f56bfc062723c751e8b465ee728b)
Start importing Assets/Unity Asset Unlocks - Bedroom/Character.prefab using Guid(6ca000ead671ebe449deb210e0a19be8) Importer(815301076,1909f56bfc062723c751e8b465ee728b)  -> (artifact id: '73f64d9c7d670567af234f51590cf735') in 0.039431 seconds 
========================================================================
Received Import Request.
  Time since last request: 11.290182 seconds.
  path: Assets/Unity Asset Unlocks - Bedroom/Scripts
  artifactKey: Guid(dc0a938048048dd4eb39e933ddf9e031) Importer(815301076,1909f56bfc062723c751e8b465ee728b)
Start importing Assets/Unity Asset Unlocks - Bedroom/Scripts using Guid(dc0a938048048dd4eb39e933ddf9e031) Importer(815301076,1909f56bfc062723c751e8b465ee728b)  -> (artifact id: '84d420da99ebfad3b13f507de50db28e') in 0.005460 seconds 
========================================================================
Received Import Request.
  Time since last request: 0.626837 seconds.
  path: Assets/Unity Asset Unlocks - Bedroom/Scripts/System
  artifactKey: Guid(081e705d12d6e294b99f5176e7c2c912) Importer(815301076,1909f56bfc062723c751e8b465ee728b)
Start importing Assets/Unity Asset Unlocks - Bedroom/Scripts/System using Guid(081e705d12d6e294b99f5176e7c2c912) Importer(815301076,1909f56bfc062723c751e8b465ee728b)  -> (artifact id: 'bdb77bf06e4e7f97802fe9c1a7c9de37') in 0.006510 seconds 
========================================================================
Received Import Request.
  Time since last request: 0.604540 seconds.
  path: Assets/Unity Asset Unlocks - Bedroom/Scripts/System/Controller.cs
  artifactKey: Guid(879bd7ad7280c164f830fd5be7f93343) Importer(815301076,1909f56bfc062723c751e8b465ee728b)
Start importing Assets/Unity Asset Unlocks - Bedroom/Scripts/System/Controller.cs using Guid(879bd7ad7280c164f830fd5be7f93343) Importer(815301076,1909f56bfc062723c751e8b465ee728b)  -> (artifact id: 'ae12d1f755e83a811a8f4aff7b405009') in 0.007485 seconds 
========================================================================
Received Import Request.
  Time since last request: 1.309232 seconds.
  path: Assets/Unity Asset Unlocks - Bedroom/Scripts/System/PoolSystem.cs
  artifactKey: Guid(0f1f79933c495d346bc351e77dda29ba) Importer(815301076,1909f56bfc062723c751e8b465ee728b)
Start importing Assets/Unity Asset Unlocks - Bedroom/Scripts/System/PoolSystem.cs using Guid(0f1f79933c495d346bc351e77dda29ba) Importer(815301076,1909f56bfc062723c751e8b465ee728b)  -> (artifact id: '557bf4d075b1d0d1ef44a9fffbb4bb49') in 0.005962 seconds 
========================================================================
Received Import Request.
  Time since last request: 32.860211 seconds.
  path: Assets/Unity Asset Unlocks - Bedroom/Prefab
  artifactKey: Guid(75d7b8fd75c617b4bb4307edd6be7e0e) Importer(815301076,1909f56bfc062723c751e8b465ee728b)
Start importing Assets/Unity Asset Unlocks - Bedroom/Prefab using Guid(75d7b8fd75c617b4bb4307edd6be7e0e) Importer(815301076,1909f56bfc062723c751e8b465ee728b)  -> (artifact id: '5fd78bdeb4789a8363506b186e65ea1f') in 0.007100 seconds 
========================================================================
Received Import Request.
  Time since last request: 0.340425 seconds.
  path: Assets/Unity Asset Unlocks - Bedroom/Scenes
  artifactKey: Guid(820296f1d2451574a94006669665606c) Importer(815301076,1909f56bfc062723c751e8b465ee728b)
Start importing Assets/Unity Asset Unlocks - Bedroom/Scenes using Guid(820296f1d2451574a94006669665606c) Importer(815301076,1909f56bfc062723c751e8b465ee728b)  -> (artifact id: 'b97b82e19bb4bf2a808b5a39d3098741') in 0.005923 seconds 
========================================================================
Received Import Request.
  Time since last request: 1.611477 seconds.
  path: Assets/Unity Asset Unlocks - Bedroom/Scenes/ExampleScene
  artifactKey: Guid(5d8451fb701a5c140a6ba4272b66964a) Importer(815301076,1909f56bfc062723c751e8b465ee728b)
Start importing Assets/Unity Asset Unlocks - Bedroom/Scenes/ExampleScene using Guid(5d8451fb701a5c140a6ba4272b66964a) Importer(815301076,1909f56bfc062723c751e8b465ee728b)  -> (artifact id: '0fa543b4ee230128f1d4cce7c9a136ed') in 0.006677 seconds 
========================================================================
Received Import Request.
  Time since last request: 0.031314 seconds.
  path: Assets/Unity Asset Unlocks - Bedroom/Scenes/ExampleScene/LightingData.asset
  artifactKey: Guid(8f24791335eb21744a4eae4d52031213) Importer(815301076,1909f56bfc062723c751e8b465ee728b)
Start importing Assets/Unity Asset Unlocks - Bedroom/Scenes/ExampleScene/LightingData.asset using Guid(8f24791335eb21744a4eae4d52031213) Importer(815301076,1909f56bfc062723c751e8b465ee728b)  -> (artifact id: '2862c8606474ee8e0f45b8871aecab56') in 0.008273 seconds 
========================================================================
Received Import Request.
  Time since last request: 0.000155 seconds.
  path: Assets/Unity Asset Unlocks - Bedroom/Scenes/ExampleScene/ReflectionProbe-1.exr
  artifactKey: Guid(f810be203bdd39c419b707ad60237569) Importer(815301076,1909f56bfc062723c751e8b465ee728b)
Start importing Assets/Unity Asset Unlocks - Bedroom/Scenes/ExampleScene/ReflectionProbe-1.exr using Guid(f810be203bdd39c419b707ad60237569) Importer(815301076,1909f56bfc062723c751e8b465ee728b)  -> (artifact id: '67d34d3e97439dd5e87d5b33cc419de2') in 0.022690 seconds 
========================================================================
Received Import Request.
  Time since last request: 0.000151 seconds.
  path: Assets/Unity Asset Unlocks - Bedroom/Scenes/ExampleScene/Lightmap-0_comp_dir.png
  artifactKey: Guid(0e0e137acce055b45878bcc21d7276a9) Importer(815301076,1909f56bfc062723c751e8b465ee728b)
Start importing Assets/Unity Asset Unlocks - Bedroom/Scenes/ExampleScene/Lightmap-0_comp_dir.png using Guid(0e0e137acce055b45878bcc21d7276a9) Importer(815301076,1909f56bfc062723c751e8b465ee728b)  -> (artifact id: '0fccbb422770b66fb1ada9cddac9cbe1') in 0.030943 seconds 
========================================================================
Received Import Request.
  Time since last request: 0.000140 seconds.
  path: Assets/Unity Asset Unlocks - Bedroom/Scenes/ExampleScene/PostProcessingVolume Profile.asset
  artifactKey: Guid(0ba91edcf4f1e5d408fb31fe38bb6391) Importer(815301076,1909f56bfc062723c751e8b465ee728b)
Start importing Assets/Unity Asset Unlocks - Bedroom/Scenes/ExampleScene/PostProcessingVolume Profile.asset using Guid(0ba91edcf4f1e5d408fb31fe38bb6391) Importer(815301076,1909f56bfc062723c751e8b465ee728b)  -> (artifact id: 'bb349f2cbc7c3c38ffd5dd2fc1a7d684') in 0.005025 seconds 
========================================================================
Received Import Request.
  Time since last request: 0.000338 seconds.
  path: Assets/Unity Asset Unlocks - Bedroom/Scenes/ExampleScene/Lightmap-0_comp_light.exr
  artifactKey: Guid(e731bab7148dcdf41a9ddc72220bab25) Importer(815301076,1909f56bfc062723c751e8b465ee728b)
Start importing Assets/Unity Asset Unlocks - Bedroom/Scenes/ExampleScene/Lightmap-0_comp_light.exr using Guid(e731bab7148dcdf41a9ddc72220bab25) Importer(815301076,1909f56bfc062723c751e8b465ee728b)  -> (artifact id: '432c066418f38ac38729792f266fb9de') in 0.014453 seconds 
========================================================================
Received Import Request.
  Time since last request: 0.000261 seconds.
  path: Assets/Unity Asset Unlocks - Bedroom/Scenes/ExampleScene/ReflectionProbe-0.exr
  artifactKey: Guid(d0fb65324b768d14ab09a7f241813524) Importer(815301076,1909f56bfc062723c751e8b465ee728b)
Start importing Assets/Unity Asset Unlocks - Bedroom/Scenes/ExampleScene/ReflectionProbe-0.exr using Guid(d0fb65324b768d14ab09a7f241813524) Importer(815301076,1909f56bfc062723c751e8b465ee728b)  -> (artifact id: '413f31f7d85d76695b313d0c9aa6c858') in 0.014706 seconds 
========================================================================
Received Import Request.
  Time since last request: 1.932942 seconds.
  path: Assets/Unity Asset Unlocks - Bedroom/Scenes/ExampleScene.unity
  artifactKey: Guid(c009543939534954d9c81d74bb28f5ad) Importer(815301076,1909f56bfc062723c751e8b465ee728b)
Start importing Assets/Unity Asset Unlocks - Bedroom/Scenes/ExampleScene.unity using Guid(c009543939534954d9c81d74bb28f5ad) Importer(815301076,1909f56bfc062723c751e8b465ee728b)  -> (artifact id: 'c16cb06b304d541e3bc33ac173dece93') in 0.006719 seconds 
========================================================================
Received Import Request.
  Time since last request: 17.428690 seconds.
  path: Assets/Unity Asset Unlocks - Bedroom/Materials
  artifactKey: Guid(14d3097bc3f83e046a8556f39ac19359) Importer(815301076,1909f56bfc062723c751e8b465ee728b)
Start importing Assets/Unity Asset Unlocks - Bedroom/Materials using Guid(14d3097bc3f83e046a8556f39ac19359) Importer(815301076,1909f56bfc062723c751e8b465ee728b)  -> (artifact id: 'a64fca3ab799b04aaf98d9d6d9dc762c') in 0.005631 seconds 
========================================================================
Received Import Request.
  Time since last request: 0.057777 seconds.
  path: Assets/Unity Asset Unlocks - Bedroom/Materials/White.mat
  artifactKey: Guid(bc4b2d6ed01096b4c967bbcdd11a0379) Importer(815301076,1909f56bfc062723c751e8b465ee728b)
Start importing Assets/Unity Asset Unlocks - Bedroom/Materials/White.mat using Guid(bc4b2d6ed01096b4c967bbcdd11a0379) Importer(815301076,1909f56bfc062723c751e8b465ee728b)  -> (artifact id: 'e77d9f6589e884fa5112b24b380dba83') in 0.080606 seconds 
========================================================================
Received Prepare
Registering precompiled user dll's ...
Registered in 0.001307 seconds.
Begin MonoManager ReloadAssembly
Native extension for Lumin target not found
Native extension for WindowsStandalone target not found
Native extension for WebGL target not found
Refreshing native plugins compatible for Editor in 0.31 ms, found 2 plugins.
Preloading 0 native plugins for Editor in 0.00 ms.
Mono: successfully reloaded assembly
- Completed reload, in  0.647 seconds
Domain Reload Profiling:
	ReloadAssembly (648ms)
		BeginReloadAssembly (82ms)
			ExecutionOrderSort (0ms)
			DisableScriptedObjects (2ms)
			BackupInstance (0ms)
			ReleaseScriptingObjects (0ms)
			CreateAndSetChildDomain (24ms)
		EndReloadAssembly (521ms)
			LoadAssemblies (65ms)
			RebuildTransferFunctionScriptingTraits (0ms)
			SetupTypeCache (175ms)
			ReleaseScriptCaches (1ms)
			RebuildScriptCaches (25ms)
			SetupLoadedEditorAssemblies (202ms)
				LogAssemblyErrors (0ms)
				InitializePlatformSupportModulesInManaged (4ms)
				SetLoadedEditorAssemblies (0ms)
				RefreshPlugins (0ms)
				BeforeProcessingInitializeOnLoad (55ms)
				ProcessInitializeOnLoadAttributes (131ms)
				ProcessInitializeOnLoadMethodAttributes (6ms)
				AfterProcessingInitializeOnLoad (5ms)
				EditorAssembliesLoaded (0ms)
			ExecutionOrderSort2 (0ms)
			AwakeInstancesAfterBackupRestoration (4ms)
Platform modules already initialized, skipping
Shader 'Universal Render Pipeline/Particles/Lit': fallback shader 'Universal Render Pipeline/Particles/SimpleLit' not found
Refreshing native plugins compatible for Editor in 0.39 ms, found 2 plugins.
Preloading 0 native plugins for Editor in 0.00 ms.
Unloading 1498 Unused Serialized files (Serialized files now loaded: 0)
System memory in use before: 85.1 MB.
System memory in use after: 85.3 MB.

Unloading 11 unused Assets to reduce memory usage. Loaded Objects now: 2884.
Total: 2.175700 ms (FindLiveObjects: 0.197800 ms CreateObjectMapping: 0.077300 ms MarkObjects: 1.883300 ms  DeleteObjects: 0.016500 ms)

AssetImportParameters requested are different than current active one (requested -> active):
  custom:framework-win-MediaFoundation: 216162199b28c13a410421893ffa2e32 -> 
  custom:video-decoder-ogg-theora: a1e56fd34408186e4bbccfd4996cb3dc -> 
  custom:container-muxer-webm: aa71ff27fc2769a1b78a27578f13a17b -> 
  custom:container-demuxer-webm: 4f35f7cbe854078d1ac9338744f61a02 -> 
  custom:container-demuxer-ogg: 62fdf1f143b41e24485cea50d1cbac27 -> 
  custom:video-encoder-webm-vp8: eb34c28f22e8b96e1ab97ce403110664 -> 
  custom:video-decoder-webm-vp8: 9c59270c3fd7afecdb556c50c9e8de78 -> 
  custom:audio-decoder-ogg-vorbis: bf7c407c2cedff20999df2af8eb42d56 -> 
  custom:audio-encoder-webm-vorbis: bf7c407c2cedff20999df2af8eb42d56 -> 
========================================================================
Received Import Request.
  Time since last request: 5.995691 seconds.
  path: Assets/Unity Asset Unlocks - Bedroom/Materials/White.mat
  artifactKey: Guid(bc4b2d6ed01096b4c967bbcdd11a0379) Importer(815301076,1909f56bfc062723c751e8b465ee728b)
Start importing Assets/Unity Asset Unlocks - Bedroom/Materials/White.mat using Guid(bc4b2d6ed01096b4c967bbcdd11a0379) Importer(815301076,1909f56bfc062723c751e8b465ee728b)  -> (artifact id: 'da4f0609fcf0242ebe70dc0bc78ff929') in 0.045744 seconds 
========================================================================
Received Prepare
Registering precompiled user dll's ...
Registered in 0.001376 seconds.
Begin MonoManager ReloadAssembly
Native extension for Lumin target not found
Native extension for WindowsStandalone target not found
Native extension for WebGL target not found
Refreshing native plugins compatible for Editor in 0.34 ms, found 2 plugins.
Preloading 0 native plugins for Editor in 0.00 ms.
Mono: successfully reloaded assembly
- Completed reload, in  0.696 seconds
Domain Reload Profiling:
	ReloadAssembly (697ms)
		BeginReloadAssembly (88ms)
			ExecutionOrderSort (0ms)
			DisableScriptedObjects (3ms)
			BackupInstance (0ms)
			ReleaseScriptingObjects (0ms)
			CreateAndSetChildDomain (25ms)
		EndReloadAssembly (561ms)
			LoadAssemblies (74ms)
			RebuildTransferFunctionScriptingTraits (0ms)
			SetupTypeCache (195ms)
			ReleaseScriptCaches (1ms)
			RebuildScriptCaches (26ms)
			SetupLoadedEditorAssemblies (205ms)
				LogAssemblyErrors (0ms)
				InitializePlatformSupportModulesInManaged (5ms)
				SetLoadedEditorAssemblies (0ms)
				RefreshPlugins (0ms)
				BeforeProcessingInitializeOnLoad (57ms)
				ProcessInitializeOnLoadAttributes (130ms)
				ProcessInitializeOnLoadMethodAttributes (6ms)
				AfterProcessingInitializeOnLoad (6ms)
				EditorAssembliesLoaded (0ms)
			ExecutionOrderSort2 (0ms)
			AwakeInstancesAfterBackupRestoration (5ms)
Platform modules already initialized, skipping
Shader 'Universal Render Pipeline/Particles/Lit': fallback shader 'Universal Render Pipeline/Particles/SimpleLit' not found
Refreshing native plugins compatible for Editor in 0.34 ms, found 2 plugins.
Preloading 0 native plugins for Editor in 0.00 ms.
Unloading 1498 Unused Serialized files (Serialized files now loaded: 0)
System memory in use before: 85.1 MB.
System memory in use after: 85.4 MB.

Unloading 11 unused Assets to reduce memory usage. Loaded Objects now: 2887.
Total: 2.165800 ms (FindLiveObjects: 0.142200 ms CreateObjectMapping: 0.040400 ms MarkObjects: 1.963800 ms  DeleteObjects: 0.018500 ms)

AssetImportParameters requested are different than current active one (requested -> active):
  custom:framework-win-MediaFoundation: 216162199b28c13a410421893ffa2e32 -> 
  custom:video-decoder-ogg-theora: a1e56fd34408186e4bbccfd4996cb3dc -> 
  custom:container-muxer-webm: aa71ff27fc2769a1b78a27578f13a17b -> 
  custom:container-demuxer-webm: 4f35f7cbe854078d1ac9338744f61a02 -> 
  custom:container-demuxer-ogg: 62fdf1f143b41e24485cea50d1cbac27 -> 
  custom:video-encoder-webm-vp8: eb34c28f22e8b96e1ab97ce403110664 -> 
  custom:video-decoder-webm-vp8: 9c59270c3fd7afecdb556c50c9e8de78 -> 
  custom:audio-decoder-ogg-vorbis: bf7c407c2cedff20999df2af8eb42d56 -> 
  custom:audio-encoder-webm-vorbis: bf7c407c2cedff20999df2af8eb42d56 -> 
========================================================================
Received Import Request.
  Time since last request: 144.005693 seconds.
  path: Assets/Unity Asset Unlocks - Bedroom/Materials/White.mat
  artifactKey: Guid(bc4b2d6ed01096b4c967bbcdd11a0379) Importer(815301076,1909f56bfc062723c751e8b465ee728b)
Start importing Assets/Unity Asset Unlocks - Bedroom/Materials/White.mat using Guid(bc4b2d6ed01096b4c967bbcdd11a0379) Importer(815301076,1909f56bfc062723c751e8b465ee728b)  -> (artifact id: 'eeb456358c7ec4640c28ed4deba61763') in 0.047658 seconds 
========================================================================
Received Import Request.
  Time since last request: 115.892821 seconds.
  path: Assets/Unity Asset Unlocks - Bedroom/Materials/White.mat
  artifactKey: Guid(bc4b2d6ed01096b4c967bbcdd11a0379) Importer(815301076,1909f56bfc062723c751e8b465ee728b)
Start importing Assets/Unity Asset Unlocks - Bedroom/Materials/White.mat using Guid(bc4b2d6ed01096b4c967bbcdd11a0379) Importer(815301076,1909f56bfc062723c751e8b465ee728b)  -> (artifact id: '59044fb91d0a751faeadcf13e109884c') in 0.018373 seconds 
========================================================================
Received Import Request.
  Time since last request: 26.555448 seconds.
  path: Assets/Scenes
  artifactKey: Guid(eadfc38f68373e547a75aeac3a781d1f) Importer(815301076,1909f56bfc062723c751e8b465ee728b)
Start importing Assets/Scenes using Guid(eadfc38f68373e547a75aeac3a781d1f) Importer(815301076,1909f56bfc062723c751e8b465ee728b)  -> (artifact id: '5089d4038f4b0b2045db905ee84d969b') in 0.001737 seconds 
========================================================================
Received Import Request.
  Time since last request: 0.486622 seconds.
  path: Assets/Scenes/SampleScene.unity
  artifactKey: Guid(9fc0d4010bbf28b4594072e72b8655ab) Importer(815301076,1909f56bfc062723c751e8b465ee728b)
Start importing Assets/Scenes/SampleScene.unity using Guid(9fc0d4010bbf28b4594072e72b8655ab) Importer(815301076,1909f56bfc062723c751e8b465ee728b)  -> (artifact id: 'c3f0b694244c56a5cc57b40c656129cf') in 0.006616 seconds 
========================================================================
Received Import Request.
  Time since last request: 46.868307 seconds.
  path: Assets/Scenes/SampleScene.unity
  artifactKey: Guid(9fc0d4010bbf28b4594072e72b8655ab) Importer(815301076,1909f56bfc062723c751e8b465ee728b)
Start importing Assets/Scenes/SampleScene.unity using Guid(9fc0d4010bbf28b4594072e72b8655ab) Importer(815301076,1909f56bfc062723c751e8b465ee728b)  -> (artifact id: 'e8876defd9590bb533025a31bb0f0295') in 0.002096 seconds 
========================================================================
Received Import Request.
  Time since last request: 85.346835 seconds.
  path: Assets/Scenes/SampleScene.unity
  artifactKey: Guid(9fc0d4010bbf28b4594072e72b8655ab) Importer(815301076,1909f56bfc062723c751e8b465ee728b)
Start importing Assets/Scenes/SampleScene.unity using Guid(9fc0d4010bbf28b4594072e72b8655ab) Importer(815301076,1909f56bfc062723c751e8b465ee728b)  -> (artifact id: 'a4dabe44c5b1cfa539e0830d7550f6d8') in 0.002175 seconds 
========================================================================
Received Import Request.
  Time since last request: 42.112465 seconds.
  path: Assets
  artifactKey: Guid(00000000000000001000000000000000) Importer(815301076,1909f56bfc062723c751e8b465ee728b)
Start importing Assets using Guid(00000000000000001000000000000000) Importer(815301076,1909f56bfc062723c751e8b465ee728b)  -> (artifact id: '42d402b061de3733987d63b9cc3b64de') in 0.006670 seconds 
========================================================================
Received Import Request.
  Time since last request: 4.990081 seconds.
  path: Assets/Materials
  artifactKey: Guid(75a7eb97af8a8bd4d974afb8a3f7efed) Importer(815301076,1909f56bfc062723c751e8b465ee728b)
Start importing Assets/Materials using Guid(75a7eb97af8a8bd4d974afb8a3f7efed) Importer(815301076,1909f56bfc062723c751e8b465ee728b)  -> (artifact id: '7834ed566bb512b72884af23c8421e8b') in 0.001596 seconds 
========================================================================
Received Import Request.
  Time since last request: 6.403549 seconds.
  path: Assets/Materials/Doors.mat
  artifactKey: Guid(4d0ca9ce178633d438b60e50610c7349) Importer(815301076,1909f56bfc062723c751e8b465ee728b)
Start importing Assets/Materials/Doors.mat using Guid(4d0ca9ce178633d438b60e50610c7349) Importer(815301076,1909f56bfc062723c751e8b465ee728b)  -> (artifact id: 'c1df26584f9154a2c168585a98afd90d') in 0.014387 seconds 
========================================================================
Received Import Request.
  Time since last request: 25.935580 seconds.
  path: Assets/Materials/Doors.mat
  artifactKey: Guid(4d0ca9ce178633d438b60e50610c7349) Importer(815301076,1909f56bfc062723c751e8b465ee728b)
Start importing Assets/Materials/Doors.mat using Guid(4d0ca9ce178633d438b60e50610c7349) Importer(815301076,1909f56bfc062723c751e8b465ee728b)  -> (artifact id: 'b3855279b8798507db081022010e63fd') in 0.012887 seconds 
